<?xml version="1.0" encoding="UTF-8"?>
<!-- Generated by org.testng.reporters.JUnitXMLReporter -->
<testsuite ignored="0" hostname="DESKTOP-IAB4RN2" failures="1" tests="1" name="Test" time="58.005" errors="0" timestamp="2025-05-08T14:02:33 IST">
  <testcase classname="com.coverFox_Test.CoverFoxTestUsingTestNG" name="validateCoverFoxPlans" time="0.052">
    <failure type="java.lang.AssertionError" message="null">
      <![CDATA[java.lang.AssertionError: null
at com.coverFox_Test.CoverFoxTestUsingTestNG.validateCoverFoxPlans(CoverFoxTestUsingTestNG.java:64)
at java.base/java.util.ArrayList.forEach(ArrayList.java:1597)
... Removed 27 stack frames]]>
    </failure>
  </testcase> <!-- validateCoverFoxPlans -->
</testsuite> <!-- Test -->
